error:
       … while checking flake output 'nixosConfigurations'

       … while checking the NixOS configuration 'nixosConfigurations.kozuka'

       … while calling the 'seq' builtin
         at /nix/store/qjg5hnnkydk3mri5k6rydhj08x9s7xya-source/lib/modules.nix:361:18:
          360|         options = checked options;
          361|         config = checked (removeAttrs config [ "_module" ]);
             |                  ^
          362|         _module = checked (config._module);

       … while calling the 'throw' builtin
         at /nix/store/qjg5hnnkydk3mri5k6rydhj08x9s7xya-source/lib/modules.nix:333:13:
          332|           else
          333|             throw baseMsg
             |             ^
          334|         else

       … while evaluating the error message for definitions for `home-manager', which is an option that does not exist

       … while evaluating a definition from `/nix/store/6bfd640kw69192rbzrd4g4igrq83ibib-source/modules/nixos/system/home-manager/home-manager.nix'

       … from call site
         at /nix/store/qjg5hnnkydk3mri5k6rydhj08x9s7xya-source/lib/modules.nix:306:95:
          305|                     "while evaluating the error message for definitions for `${optText}', which is an option that does not exist"
          306|                     (addErrorContext "while evaluating a definition from `${firstDef.file}'" (showDefs [ firstDef ]));
             |                                                                                               ^
          307|               in

       … while calling 'showDefs'
         at /nix/store/qjg5hnnkydk3mri5k6rydhj08x9s7xya-source/lib/options.nix:755:5:
          754|   showDefs =
          755|     defs:
             |     ^
          756|     concatMapStrings (

       … from call site
         at /nix/store/qjg5hnnkydk3mri5k6rydhj08x9s7xya-source/lib/options.nix:756:5:
          755|     defs:
          756|     concatMapStrings (
             |     ^
          757|       def:

       … while calling 'concatMapStrings'
         at /nix/store/qjg5hnnkydk3mri5k6rydhj08x9s7xya-source/lib/strings.nix:124:25:
          123|   */
          124|   concatMapStrings = f: list: concatStrings (map f list);
             |                         ^
          125|

       … while calling the 'concatStringsSep' builtin
         at /nix/store/qjg5hnnkydk3mri5k6rydhj08x9s7xya-source/lib/strings.nix:124:31:
          123|   */
          124|   concatMapStrings = f: list: concatStrings (map f list);
             |                               ^
          125|

       … while calling anonymous lambda
         at /nix/store/qjg5hnnkydk3mri5k6rydhj08x9s7xya-source/lib/options.nix:757:7:
          756|     concatMapStrings (
          757|       def:
             |       ^
          758|       let

       … while evaluating a branch condition
         at /nix/store/qjg5hnnkydk3mri5k6rydhj08x9s7xya-source/lib/options.nix:774:11:
          773|           # Don't print any value if evaluating the value strictly fails
          774|           if !prettyEval.success then
             |           ^
          775|             ""

       … in the argument of the not operator
         at /nix/store/qjg5hnnkydk3mri5k6rydhj08x9s7xya-source/lib/options.nix:774:15:
          773|           # Don't print any value if evaluating the value strictly fails
          774|           if !prettyEval.success then
             |               ^
          775|             ""

       … while calling the 'tryEval' builtin
         at /nix/store/qjg5hnnkydk3mri5k6rydhj08x9s7xya-source/lib/options.nix:760:22:
          759|         # Pretty print the value for display, if successful
          760|         prettyEval = builtins.tryEval (
             |                      ^
          761|           lib.generators.toPretty { } (

       … from call site
         at /nix/store/qjg5hnnkydk3mri5k6rydhj08x9s7xya-source/lib/options.nix:761:11:
          760|         prettyEval = builtins.tryEval (
          761|           lib.generators.toPretty { } (
             |           ^
          762|             lib.generators.withRecursion {

       … while calling 'go'
         at /nix/store/qjg5hnnkydk3mri5k6rydhj08x9s7xya-source/lib/generators.nix:531:17:
          530|       go =
          531|         indent: v:
             |                 ^
          532|         let

       … while calling the 'concatStringsSep' builtin
         at /nix/store/qjg5hnnkydk3mri5k6rydhj08x9s7xya-source/lib/generators.nix:599:15:
          598|             + introSpace
          599|             + concatStringsSep introSpace (
             |               ^
          600|               mapAttrsToList (

       … while calling anonymous lambda
         at /nix/store/qjg5hnnkydk3mri5k6rydhj08x9s7xya-source/lib/generators.nix:601:23:
          600|               mapAttrsToList (
          601|                 name: value:
             |                       ^
          602|                 "${escapeNixIdentifier name} = ${

       … while evaluating an attribute `content`

       … from call site
         at /nix/store/qjg5hnnkydk3mri5k6rydhj08x9s7xya-source/lib/generators.nix:603:78:
          602|                 "${escapeNixIdentifier name} = ${
          603|                   addErrorContext "while evaluating an attribute `${name}`" (go (indent + "  ") value)
             |                                                                              ^
          604|                 };"

       … while calling 'go'
         at /nix/store/qjg5hnnkydk3mri5k6rydhj08x9s7xya-source/lib/generators.nix:531:17:
          530|       go =
          531|         indent: v:
             |                 ^
          532|         let

       … while calling the 'concatStringsSep' builtin
         at /nix/store/qjg5hnnkydk3mri5k6rydhj08x9s7xya-source/lib/generators.nix:599:15:
          598|             + introSpace
          599|             + concatStringsSep introSpace (
             |               ^
          600|               mapAttrsToList (

       … while calling anonymous lambda
         at /nix/store/qjg5hnnkydk3mri5k6rydhj08x9s7xya-source/lib/generators.nix:601:23:
          600|               mapAttrsToList (
          601|                 name: value:
             |                       ^
          602|                 "${escapeNixIdentifier name} = ${

       … while evaluating an attribute `extraSpecialArgs`

       … from call site
         at /nix/store/qjg5hnnkydk3mri5k6rydhj08x9s7xya-source/lib/generators.nix:603:78:
          602|                 "${escapeNixIdentifier name} = ${
          603|                   addErrorContext "while evaluating an attribute `${name}`" (go (indent + "  ") value)
             |                                                                              ^
          604|                 };"

       … while calling 'go'
         at /nix/store/qjg5hnnkydk3mri5k6rydhj08x9s7xya-source/lib/generators.nix:531:17:
          530|       go =
          531|         indent: v:
             |                 ^
          532|         let

       … while calling the 'concatStringsSep' builtin
         at /nix/store/qjg5hnnkydk3mri5k6rydhj08x9s7xya-source/lib/generators.nix:599:15:
          598|             + introSpace
          599|             + concatStringsSep introSpace (
             |               ^
          600|               mapAttrsToList (

       … while calling anonymous lambda
         at /nix/store/qjg5hnnkydk3mri5k6rydhj08x9s7xya-source/lib/generators.nix:601:23:
          600|               mapAttrsToList (
          601|                 name: value:
             |                       ^
          602|                 "${escapeNixIdentifier name} = ${

       … while evaluating an attribute `inputs`

       … from call site
         at /nix/store/qjg5hnnkydk3mri5k6rydhj08x9s7xya-source/lib/generators.nix:603:78:
          602|                 "${escapeNixIdentifier name} = ${
          603|                   addErrorContext "while evaluating an attribute `${name}`" (go (indent + "  ") value)
             |                                                                              ^
          604|                 };"

       … while calling 'go'
         at /nix/store/qjg5hnnkydk3mri5k6rydhj08x9s7xya-source/lib/generators.nix:531:17:
          530|       go =
          531|         indent: v:
             |                 ^
          532|         let

       … while calling the 'concatStringsSep' builtin
         at /nix/store/qjg5hnnkydk3mri5k6rydhj08x9s7xya-source/lib/generators.nix:599:15:
          598|             + introSpace
          599|             + concatStringsSep introSpace (
             |               ^
          600|               mapAttrsToList (

       … while calling anonymous lambda
         at /nix/store/qjg5hnnkydk3mri5k6rydhj08x9s7xya-source/lib/generators.nix:601:23:
          600|               mapAttrsToList (
          601|                 name: value:
             |                       ^
          602|                 "${escapeNixIdentifier name} = ${

       … while evaluating an attribute `agenix`

       … from call site
         at /nix/store/qjg5hnnkydk3mri5k6rydhj08x9s7xya-source/lib/generators.nix:603:78:
          602|                 "${escapeNixIdentifier name} = ${
          603|                   addErrorContext "while evaluating an attribute `${name}`" (go (indent + "  ") value)
             |                                                                              ^
          604|                 };"

       … while calling 'go'
         at /nix/store/qjg5hnnkydk3mri5k6rydhj08x9s7xya-source/lib/generators.nix:531:17:
          530|       go =
          531|         indent: v:
             |                 ^
          532|         let

       … while calling the 'concatStringsSep' builtin
         at /nix/store/qjg5hnnkydk3mri5k6rydhj08x9s7xya-source/lib/generators.nix:599:15:
          598|             + introSpace
          599|             + concatStringsSep introSpace (
             |               ^
          600|               mapAttrsToList (

       … while calling anonymous lambda
         at /nix/store/qjg5hnnkydk3mri5k6rydhj08x9s7xya-source/lib/generators.nix:601:23:
          600|               mapAttrsToList (
          601|                 name: value:
             |                       ^
          602|                 "${escapeNixIdentifier name} = ${

       … while evaluating an attribute `checks`

       … from call site
         at /nix/store/qjg5hnnkydk3mri5k6rydhj08x9s7xya-source/lib/generators.nix:603:78:
          602|                 "${escapeNixIdentifier name} = ${
          603|                   addErrorContext "while evaluating an attribute `${name}`" (go (indent + "  ") value)
             |                                                                              ^
          604|                 };"

       … while calling 'go'
         at /nix/store/qjg5hnnkydk3mri5k6rydhj08x9s7xya-source/lib/generators.nix:531:17:
          530|       go =
          531|         indent: v:
             |                 ^
          532|         let

       … while calling the 'concatStringsSep' builtin
         at /nix/store/qjg5hnnkydk3mri5k6rydhj08x9s7xya-source/lib/generators.nix:599:15:
          598|             + introSpace
          599|             + concatStringsSep introSpace (
             |               ^
          600|               mapAttrsToList (

       … while calling anonymous lambda
         at /nix/store/qjg5hnnkydk3mri5k6rydhj08x9s7xya-source/lib/generators.nix:601:23:
          600|               mapAttrsToList (
          601|                 name: value:
             |                       ^
          602|                 "${escapeNixIdentifier name} = ${

       … while evaluating an attribute `aarch64-darwin`

       … from call site
         at /nix/store/qjg5hnnkydk3mri5k6rydhj08x9s7xya-source/lib/generators.nix:603:78:
          602|                 "${escapeNixIdentifier name} = ${
          603|                   addErrorContext "while evaluating an attribute `${name}`" (go (indent + "  ") value)
             |                                                                              ^
          604|                 };"

       … while calling 'go'
         at /nix/store/qjg5hnnkydk3mri5k6rydhj08x9s7xya-source/lib/generators.nix:531:17:
          530|       go =
          531|         indent: v:
             |                 ^
          532|         let

       … while calling the 'concatStringsSep' builtin
         at /nix/store/qjg5hnnkydk3mri5k6rydhj08x9s7xya-source/lib/generators.nix:599:15:
          598|             + introSpace
          599|             + concatStringsSep introSpace (
             |               ^
          600|               mapAttrsToList (

       … while calling anonymous lambda
         at /nix/store/qjg5hnnkydk3mri5k6rydhj08x9s7xya-source/lib/generators.nix:601:23:
          600|               mapAttrsToList (
          601|                 name: value:
             |                       ^
          602|                 "${escapeNixIdentifier name} = ${

       … while evaluating an attribute `integration`

       … from call site
         at /nix/store/qjg5hnnkydk3mri5k6rydhj08x9s7xya-source/lib/generators.nix:603:78:
          602|                 "${escapeNixIdentifier name} = ${
          603|                   addErrorContext "while evaluating an attribute `${name}`" (go (indent + "  ") value)
             |                                                                              ^
          604|                 };"

       … while calling 'go'
         at /nix/store/qjg5hnnkydk3mri5k6rydhj08x9s7xya-source/lib/generators.nix:531:17:
          530|       go =
          531|         indent: v:
             |                 ^
          532|         let

       … while evaluating a branch condition
         at /nix/store/qjg5hnnkydk3mri5k6rydhj08x9s7xya-source/lib/generators.nix:536:9:
          535|         in
          536|         if isInt v then
             |         ^
          537|           toString v

       … while calling the 'isInt' builtin
         at /nix/store/qjg5hnnkydk3mri5k6rydhj08x9s7xya-source/lib/generators.nix:536:12:
          535|         in
          536|         if isInt v then
             |            ^
          537|           toString v

       … while calling 'evalNext'
         at /nix/store/qjg5hnnkydk3mri5k6rydhj08x9s7xya-source/lib/generators.nix:488:22:
          487|         let
          488|           evalNext = x: mapAny (depth + 1) (transform (depth + 1) x);
             |                      ^
          489|         in

       … from call site
         at /nix/store/qjg5hnnkydk3mri5k6rydhj08x9s7xya-source/lib/generators.nix:488:25:
          487|         let
          488|           evalNext = x: mapAny (depth + 1) (transform (depth + 1) x);
             |                         ^
          489|         in

       … while calling 'mapAny'
         at /nix/store/qjg5hnnkydk3mri5k6rydhj08x9s7xya-source/lib/generators.nix:486:16:
          485|       mapAny =
          486|         depth: v:
             |                ^
          487|         let

       … while evaluating a branch condition
         at /nix/store/qjg5hnnkydk3mri5k6rydhj08x9s7xya-source/lib/generators.nix:490:9:
          489|         in
          490|         if isAttrs v then
             |         ^
          491|           mapAttrs (stepIntoAttr evalNext) v

       … while calling the 'isAttrs' builtin
         at /nix/store/qjg5hnnkydk3mri5k6rydhj08x9s7xya-source/lib/generators.nix:490:12:
          489|         in
          490|         if isAttrs v then
             |            ^
          491|           mapAttrs (stepIntoAttr evalNext) v

       … from call site
         at /nix/store/qjg5hnnkydk3mri5k6rydhj08x9s7xya-source/lib/generators.nix:488:45:
          487|         let
          488|           evalNext = x: mapAny (depth + 1) (transform (depth + 1) x);
             |                                             ^
          489|         in

       … while calling 'id'
         at /nix/store/qjg5hnnkydk3mri5k6rydhj08x9s7xya-source/lib/trivial.nix:40:8:
           39|   */
           40|   id = x: x;
             |        ^
           41|

       error: attribute 'lib' missing
       at /nix/store/h3iilgx83as6hkb3lcclaqvqz6hwnmwq-source/flake.nix:51:14:
           50|           integration =
           51|             (darwin.lib.darwinSystem {
             |              ^
           52|               inherit system;
